Looking for git in: git
Using git 2.29.2 from git
> git rev-parse --git-dir
Open repository: /home/jake
> git status -z -u
> git symbolic-ref --short HEAD
> git check-ignore -v -z --stdin
> git rev-parse newBranch
> git rev-parse --symbolic-full-name newBranch@{u}
fatal: no upstream configured for branch 'newBranch'
> git for-each-ref --sort -committerdate --format %(refname) %(objectname) %(*objectname)
> git remote --verbose
> git config --get commit.template
> git show --textconv :kubickikubs/html/index.html
> git ls-files --stage -- /home/jake/kubickikubs/html/index.html
> git status -z -u
> git ls-files --stage -- /home/jake/kubickikubs/html/index.html
> git show --textconv :kubickikubs/html/index.html
> git symbolic-ref --short HEAD
> git rev-parse newBranch
> git rev-parse --symbolic-full-name newBranch@{u}
fatal: no upstream configured for branch 'newBranch'
> git for-each-ref --sort -committerdate --format %(refname) %(objectname) %(*objectname)
> git remote --verbose
> git config --get commit.template
> git status -z -u
> git symbolic-ref --short HEAD
> git rev-parse newBranch
> git rev-parse --symbolic-full-name newBranch@{u}
fatal: no upstream configured for branch 'newBranch'
> git for-each-ref --sort -committerdate --format %(refname) %(objectname) %(*objectname)
> git remote --verbose
> git config --get commit.template
> git status -z -u
> git ls-files --stage -- /home/jake/kubickikubs/html/index.html
> git show --textconv :kubickikubs/html/index.html
> git symbolic-ref --short HEAD
> git rev-parse newBranch
> git rev-parse --symbolic-full-name newBranch@{u}
fatal: no upstream configured for branch 'newBranch'
> git for-each-ref --sort -committerdate --format %(refname) %(objectname) %(*objectname)
> git remote --verbose
> git config --get commit.template
> git show --textconv :Desktop/index.html
> git ls-files --stage -- /home/jake/Desktop/index.html
> git cat-file -s 58d9dda565162329fa0b8dfc5b4cfddd0bf4fb1f
> git show --textconv :kubickikubs/html/index.html
> git ls-files --stage -- /home/jake/kubickikubs/html/index.html
> git status -z -u
> git ls-files --stage -- /home/jake/kubickikubs/html/index.html
> git show --textconv :kubickikubs/html/index.html
> git symbolic-ref --short HEAD
> git rev-parse newBranch
> git rev-parse --symbolic-full-name newBranch@{u}
fatal: no upstream configured for branch 'newBranch'
> git for-each-ref --sort -committerdate --format %(refname) %(objectname) %(*objectname)
> git remote --verbose
> git config --get commit.template
