Looking for git in: git
Using git 2.29.2 from git
> git rev-parse --git-dir
Open repository: /home/jake/kubickikubs
> git status -z -u
> git symbolic-ref --short HEAD
> git rev-parse main
> git rev-parse --symbolic-full-name main@{u}
> git rev-list --left-right main...refs/remotes/origin/main
> git for-each-ref --sort -committerdate --format %(refname) %(objectname) %(*objectname)
> git remote --verbose
Warning: Failed to watch ref '/home/jake/kubickikubs/.git/refs/remotes/origin/main', is most likely packed.
> git config --get commit.template
> git show --textconv :index.html
> git ls-files --stage -- /home/jake/kubickikubs/index.html
> git cat-file -s e69de29bb2d1d6434b8b29ae775ad8c2e48c5391
> git check-ignore -v -z --stdin
> git show --textconv :README.md
> git ls-files --stage -- /home/jake/kubickikubs/README.md
> git cat-file -s b2c2289e2b66835cd80c62521520ac95dcf86f7f
> git check-ignore -v -z --stdin
> git show --textconv :index.html
> git ls-files --stage -- /home/jake/kubickikubs/index.html
> git cat-file -s e69de29bb2d1d6434b8b29ae775ad8c2e48c5391
> git show --textconv :index.html
> git ls-files --stage -- /home/jake/kubickikubs/index.html
> git cat-file -s e69de29bb2d1d6434b8b29ae775ad8c2e48c5391
> git show --textconv :css.css
> git ls-files --stage -- /home/jake/kubickikubs/css.css
> git cat-file -s e69de29bb2d1d6434b8b29ae775ad8c2e48c5391
> git check-ignore -v -z --stdin
> git show --textconv :index.html
> git ls-files --stage -- /home/jake/kubickikubs/index.html
> git cat-file -s e69de29bb2d1d6434b8b29ae775ad8c2e48c5391
> git status -z -u
> git symbolic-ref --short HEAD
> git ls-files --stage -- /home/jake/kubickikubs/index.html
> git rev-parse main
> git cat-file -s e69de29bb2d1d6434b8b29ae775ad8c2e48c5391
> git rev-parse --symbolic-full-name main@{u}
> git show --textconv :index.html
> git rev-list --left-right main...refs/remotes/origin/main
> git for-each-ref --sort -committerdate --format %(refname) %(objectname) %(*objectname)
> git remote --verbose
Warning: Failed to watch ref '/home/jake/kubickikubs/.git/refs/remotes/origin/main', is most likely packed.
> git config --get commit.template
> git status -z -u
> git symbolic-ref --short HEAD
> git rev-parse main
> git rev-parse --symbolic-full-name main@{u}
> git rev-list --left-right main...refs/remotes/origin/main
> git for-each-ref --sort -committerdate --format %(refname) %(objectname) %(*objectname)
> git remote --verbose
Warning: Failed to watch ref '/home/jake/kubickikubs/.git/refs/remotes/origin/main', is most likely packed.
> git config --get commit.template
> git status -z -u
> git symbolic-ref --short HEAD
> git rev-parse main
> git rev-parse --symbolic-full-name main@{u}
> git rev-list --left-right main...refs/remotes/origin/main
> git for-each-ref --sort -committerdate --format %(refname) %(objectname) %(*objectname)
> git remote --verbose
Warning: Failed to watch ref '/home/jake/kubickikubs/.git/refs/remotes/origin/main', is most likely packed.
> git config --get commit.template
> git status -z -u
> git symbolic-ref --short HEAD
> git rev-parse main
> git rev-parse --symbolic-full-name main@{u}
> git rev-list --left-right main...refs/remotes/origin/main
> git for-each-ref --sort -committerdate --format %(refname) %(objectname) %(*objectname)
> git remote --verbose
Warning: Failed to watch ref '/home/jake/kubickikubs/.git/refs/remotes/origin/main', is most likely packed.
> git config --get commit.template
> git status -z -u
> git symbolic-ref --short HEAD
> git ls-files --stage -- /home/jake/kubickikubs/index.html
> git rev-parse main
> git cat-file -s 2d371766bfbc0a324145f33bc6e62343662ef7ac
> git rev-parse --symbolic-full-name main@{u}
> git rev-list --left-right main...refs/remotes/origin/main
> git show --textconv :index.html
> git for-each-ref --sort -committerdate --format %(refname) %(objectname) %(*objectname)
> git remote --verbose
> git config --get commit.template
> git status -z -u
> git symbolic-ref --short HEAD
> git rev-parse main
> git rev-parse --symbolic-full-name main@{u}
> git rev-list --left-right main...refs/remotes/origin/main
> git for-each-ref --sort -committerdate --format %(refname) %(objectname) %(*objectname)
> git remote --verbose
> git config --get commit.template
> git show --textconv :css.css
> git ls-files --stage -- /home/jake/kubickikubs/css.css
> git cat-file -s e69de29bb2d1d6434b8b29ae775ad8c2e48c5391
> git show --textconv :index.html
> git ls-files --stage -- /home/jake/kubickikubs/index.html
> git cat-file -s 2d371766bfbc0a324145f33bc6e62343662ef7ac
> git show --textconv :css.css
> git ls-files --stage -- /home/jake/kubickikubs/css.css
> git cat-file -s e69de29bb2d1d6434b8b29ae775ad8c2e48c5391
> git show --textconv :index.html
> git ls-files --stage -- /home/jake/kubickikubs/index.html
> git cat-file -s 2d371766bfbc0a324145f33bc6e62343662ef7ac
> git log --format=%H%n%aN%n%aE%n%at%n%ct%n%P%n%B -z -n21 -- /home/jake/kubickikubs/index.html
> git status -z -u
> git symbolic-ref --short HEAD
> git rev-parse main
> git rev-parse --symbolic-full-name main@{u}
> git rev-list --left-right main...refs/remotes/origin/main
> git for-each-ref --sort -committerdate --format %(refname) %(objectname) %(*objectname)
> git remote --verbose
> git config --get commit.template
> git status -z -u
> git symbolic-ref --short HEAD
> git rev-parse main
> git rev-parse --symbolic-full-name main@{u}
> git rev-list --left-right main...refs/remotes/origin/main
> git for-each-ref --sort -committerdate --format %(refname) %(objectname) %(*objectname)
> git remote --verbose
> git config --get commit.template
> git show --textconv :css.css
> git ls-files --stage -- /home/jake/kubickikubs/css.css
> git cat-file -s e69de29bb2d1d6434b8b29ae775ad8c2e48c5391
> git status -z -u
> git symbolic-ref --short HEAD
> git rev-parse main
> git rev-parse --symbolic-full-name main@{u}
> git rev-list --left-right main...refs/remotes/origin/main
> git for-each-ref --sort -committerdate --format %(refname) %(objectname) %(*objectname)
> git remote --verbose
> git config --get commit.template
> git check-ignore -v -z --stdin
> git show --textconv :index.html
> git ls-files --stage -- /home/jake/kubickikubs/index.html
> git cat-file -s b0d5ad38d65ca3d23a5b07aedebfcb9d35250806
> git status -z -u
> git symbolic-ref --short HEAD
> git rev-parse main
> git rev-parse --symbolic-full-name main@{u}
> git rev-list --left-right main...refs/remotes/origin/main
> git for-each-ref --sort -committerdate --format %(refname) %(objectname) %(*objectname)
> git remote --verbose
> git config --get commit.template
> git show --textconv :css.css
> git ls-files --stage -- /home/jake/kubickikubs/css.css
> git cat-file -s e69de29bb2d1d6434b8b29ae775ad8c2e48c5391
> git status -z -u
> git symbolic-ref --short HEAD
> git rev-parse main
> git rev-parse --symbolic-full-name main@{u}
> git rev-list --left-right main...refs/remotes/origin/main
> git for-each-ref --sort -committerdate --format %(refname) %(objectname) %(*objectname)
> git remote --verbose
> git config --get commit.template
> git status -z -u
> git symbolic-ref --short HEAD
> git rev-parse main
> git rev-parse --symbolic-full-name main@{u}
> git rev-list --left-right main...refs/remotes/origin/main
> git for-each-ref --sort -committerdate --format %(refname) %(objectname) %(*objectname)
> git remote --verbose
> git config --get commit.template
> git status -z -u
> git symbolic-ref --short HEAD
> git ls-files --stage -- /home/jake/kubickikubs/css.css
> git rev-parse main
> git cat-file -s 08bdff214f6cb19328e72463d0231cf678e4933b
> git rev-parse --symbolic-full-name main@{u}
> git rev-list --left-right main...refs/remotes/origin/main
> git show --textconv :css.css
> git for-each-ref --sort -committerdate --format %(refname) %(objectname) %(*objectname)
> git remote --verbose
> git config --get commit.template
> git status -z -u
> git ls-files --stage -- /home/jake/kubickikubs/css.css
> git symbolic-ref --short HEAD
> git cat-file -s 08bdff214f6cb19328e72463d0231cf678e4933b
> git rev-parse main
> git rev-parse --symbolic-full-name main@{u}
> git show --textconv :css.css
> git rev-list --left-right main...refs/remotes/origin/main
> git for-each-ref --sort -committerdate --format %(refname) %(objectname) %(*objectname)
> git remote --verbose
> git config --get commit.template
> git status -z -u
> git symbolic-ref --short HEAD
> git rev-parse main
> git rev-parse --symbolic-full-name main@{u}
> git rev-list --left-right main...refs/remotes/origin/main
> git for-each-ref --sort -committerdate --format %(refname) %(objectname) %(*objectname)
> git remote --verbose
> git config --get commit.template
> git status -z -u
> git symbolic-ref --short HEAD
> git rev-parse main
> git rev-parse --symbolic-full-name main@{u}
> git rev-list --left-right main...refs/remotes/origin/main
> git for-each-ref --sort -committerdate --format %(refname) %(objectname) %(*objectname)
> git remote --verbose
> git config --get commit.template
> git status -z -u
> git ls-files --stage -- /home/jake/kubickikubs/css.css
> git symbolic-ref --short HEAD
> git cat-file -s b4cb135accd0f93a222391416921ada9e99c335e
> git rev-parse main
> git rev-parse --symbolic-full-name main@{u}
> git show --textconv :css.css
> git rev-list --left-right main...refs/remotes/origin/main
> git for-each-ref --sort -committerdate --format %(refname) %(objectname) %(*objectname)
> git remote --verbose
> git config --get commit.template
