Looking for git in: git
Using git 2.29.2 from git
> git rev-parse --git-dir
Open repository: /home/jake/kubickikubs
> git status -z -u
> git symbolic-ref --short HEAD
> git rev-parse main
> git rev-parse --symbolic-full-name main@{u}
> git rev-list --left-right main...refs/remotes/origin/main
> git for-each-ref --sort -committerdate --format %(refname) %(objectname) %(*objectname)
> git remote --verbose
> git config --get commit.template
> git check-ignore -v -z --stdin
> git show --textconv :index.html
> git ls-files --stage -- /home/jake/kubickikubs/index.html
> git cat-file -s b0d5ad38d65ca3d23a5b07aedebfcb9d35250806
> git show --textconv :css.css
> git ls-files --stage -- /home/jake/kubickikubs/css.css
> git cat-file -s b4cb135accd0f93a222391416921ada9e99c335e
> git show --textconv :index.html
> git ls-files --stage -- /home/jake/kubickikubs/index.html
> git cat-file -s b0d5ad38d65ca3d23a5b07aedebfcb9d35250806
> git show --textconv :index.html
> git ls-files --stage -- /home/jake/kubickikubs/index.html
> git cat-file -s b0d5ad38d65ca3d23a5b07aedebfcb9d35250806
> git show --textconv :index.html
> git ls-files --stage -- /home/jake/kubickikubs/index.html
> git cat-file -s b0d5ad38d65ca3d23a5b07aedebfcb9d35250806
> git status -z -u
> git symbolic-ref --short HEAD
> git rev-parse main
> git rev-parse --symbolic-full-name main@{u}
> git rev-list --left-right main...refs/remotes/origin/main
> git for-each-ref --sort -committerdate --format %(refname) %(objectname) %(*objectname)
> git remote --verbose
> git config --get commit.template
> git show --textconv :css.css
> git ls-files --stage -- /home/jake/kubickikubs/css.css
> git cat-file -s b4cb135accd0f93a222391416921ada9e99c335e
> git show --textconv :css.css
> git ls-files --stage -- /home/jake/kubickikubs/css.css
> git cat-file -s b4cb135accd0f93a222391416921ada9e99c335e
> git status -z -u
> git symbolic-ref --short HEAD
> git rev-parse main
> git rev-parse --symbolic-full-name main@{u}
> git rev-list --left-right main...refs/remotes/origin/main
> git for-each-ref --sort -committerdate --format %(refname) %(objectname) %(*objectname)
> git remote --verbose
> git config --get commit.template
> git status -z -u
> git symbolic-ref --short HEAD
> git rev-parse main
> git rev-parse --symbolic-full-name main@{u}
> git rev-list --left-right main...refs/remotes/origin/main
> git for-each-ref --sort -committerdate --format %(refname) %(objectname) %(*objectname)
> git remote --verbose
> git config --get commit.template
> git show --textconv HEAD:index.html
> git ls-tree -l HEAD -- /home/jake/kubickikubs/index.html
> git show --textconv HEAD:css.css
> git ls-tree -l HEAD -- /home/jake/kubickikubs/css.css
> git show --textconv HEAD:index.html
> git ls-tree -l HEAD -- /home/jake/kubickikubs/index.html
> git show --textconv :index.html
> git ls-files --stage -- /home/jake/kubickikubs/index.html
> git cat-file -s b0d5ad38d65ca3d23a5b07aedebfcb9d35250806
> git ls-tree -l HEAD -- /home/jake/kubickikubs/index.html
> git show --textconv :css.css
> git ls-files --stage -- /home/jake/kubickikubs/css.css
> git cat-file -s b4cb135accd0f93a222391416921ada9e99c335e
